mode: set
github.com/axionaxprotocol/axionax-core/cmd/axionax/main.go:24.13,52.42 7 0
github.com/axionaxprotocol/axionax-core/cmd/axionax/main.go:52.42,55.3 2 0
github.com/axionaxprotocol/axionax-core/cmd/axionax/main.go:58.32,69.55 2 0
github.com/axionaxprotocol/axionax-core/cmd/axionax/main.go:69.55,77.18 6 0
github.com/axionaxprotocol/axionax-core/cmd/axionax/main.go:77.18,79.5 1 0
github.com/axionaxprotocol/axionax-core/cmd/axionax/main.go:81.4,81.15 1 0
github.com/axionaxprotocol/axionax-core/cmd/axionax/main.go:81.15,83.5 1 0
github.com/axionaxprotocol/axionax-core/cmd/axionax/main.go:85.4,91.11 5 0
github.com/axionaxprotocol/axionax-core/cmd/axionax/main.go:95.2,99.12 4 0
github.com/axionaxprotocol/axionax-core/cmd/axionax/main.go:102.34,106.48 1 0
github.com/axionaxprotocol/axionax-core/cmd/axionax/main.go:106.48,112.4 5 0
github.com/axionaxprotocol/axionax-core/cmd/axionax/main.go:116.31,127.49 2 0
github.com/axionaxprotocol/axionax-core/cmd/axionax/main.go:127.49,132.5 4 0
github.com/axionaxprotocol/axionax-core/cmd/axionax/main.go:137.49,140.5 2 0
github.com/axionaxprotocol/axionax-core/cmd/axionax/main.go:144.2,146.12 2 0
github.com/axionaxprotocol/axionax-core/cmd/axionax/main.go:149.32,161.49 2 0
github.com/axionaxprotocol/axionax-core/cmd/axionax/main.go:161.49,166.5 4 0
github.com/axionaxprotocol/axionax-core/cmd/axionax/main.go:172.49,176.5 3 0
github.com/axionaxprotocol/axionax-core/cmd/axionax/main.go:181.49,183.5 1 0
github.com/axionaxprotocol/axionax-core/cmd/axionax/main.go:187.2,189.12 2 0
github.com/axionaxprotocol/axionax-core/cmd/axionax/main.go:192.36,203.49 2 0
github.com/axionaxprotocol/axionax-core/cmd/axionax/main.go:203.49,207.12 4 0
github.com/axionaxprotocol/axionax-core/cmd/axionax/main.go:213.49,219.5 5 0
github.com/axionaxprotocol/axionax-core/cmd/axionax/main.go:223.2,223.12 1 0
github.com/axionaxprotocol/axionax-core/cmd/axionax/main.go:226.33,237.49 2 0
github.com/axionaxprotocol/axionax-core/cmd/axionax/main.go:237.49,241.5 3 0
github.com/axionaxprotocol/axionax-core/cmd/axionax/main.go:246.49,250.12 4 0
github.com/axionaxprotocol/axionax-core/cmd/axionax/main.go:256.49,262.5 5 0
github.com/axionaxprotocol/axionax-core/cmd/axionax/main.go:266.2,268.12 2 0
github.com/axionaxprotocol/axionax-core/cmd/axionax/main.go:271.33,281.49 2 0
github.com/axionaxprotocol/axionax-core/cmd/axionax/main.go:281.49,286.5 4 0
github.com/axionaxprotocol/axionax-core/cmd/axionax/main.go:291.49,293.19 2 0
github.com/axionaxprotocol/axionax-core/cmd/axionax/main.go:293.19,296.6 2 0
github.com/axionaxprotocol/axionax-core/cmd/axionax/main.go:297.5,302.50 6 0
github.com/axionaxprotocol/axionax-core/cmd/axionax/main.go:307.2,307.12 1 0
github.com/axionaxprotocol/axionax-core/internal/asr/router.go:23.47,29.2 1 1
github.com/axionaxprotocol/axionax-core/internal/asr/router.go:32.55,34.2 1 1
github.com/axionaxprotocol/axionax-core/internal/asr/router.go:37.55,39.2 1 1
github.com/axionaxprotocol/axionax-core/internal/asr/router.go:51.91,54.24 2 1
github.com/axionaxprotocol/axionax-core/internal/asr/router.go:54.24,56.3 1 1
github.com/axionaxprotocol/axionax-core/internal/asr/router.go:59.2,60.34 2 1
github.com/axionaxprotocol/axionax-core/internal/asr/router.go:60.34,63.3 2 1
github.com/axionaxprotocol/axionax-core/internal/asr/router.go:66.2,66.41 1 1
github.com/axionaxprotocol/axionax-core/internal/asr/router.go:66.41,68.3 1 1
github.com/axionaxprotocol/axionax-core/internal/asr/router.go:71.2,72.24 2 1
github.com/axionaxprotocol/axionax-core/internal/asr/router.go:72.24,74.3 1 0
github.com/axionaxprotocol/axionax-core/internal/asr/router.go:75.2,78.23 2 1
github.com/axionaxprotocol/axionax-core/internal/asr/router.go:78.23,80.25 2 0
github.com/axionaxprotocol/axionax-core/internal/asr/router.go:80.25,82.4 1 0
github.com/axionaxprotocol/axionax-core/internal/asr/router.go:86.2,91.29 3 1
github.com/axionaxprotocol/axionax-core/internal/asr/router.go:95.72,98.35 2 1
github.com/axionaxprotocol/axionax-core/internal/asr/router.go:98.35,99.33 1 1
github.com/axionaxprotocol/axionax-core/internal/asr/router.go:99.33,100.12 1 1
github.com/axionaxprotocol/axionax-core/internal/asr/router.go:102.3,102.38 1 1
github.com/axionaxprotocol/axionax-core/internal/asr/router.go:105.2,105.17 1 1
github.com/axionaxprotocol/axionax-core/internal/asr/router.go:109.72,111.47 1 1
github.com/axionaxprotocol/axionax-core/internal/asr/router.go:111.47,113.3 1 1
github.com/axionaxprotocol/axionax-core/internal/asr/router.go:116.2,116.43 1 1
github.com/axionaxprotocol/axionax-core/internal/asr/router.go:116.43,118.3 1 1
github.com/axionaxprotocol/axionax-core/internal/asr/router.go:121.2,121.59 1 1
github.com/axionaxprotocol/axionax-core/internal/asr/router.go:121.59,123.3 1 1
github.com/axionaxprotocol/axionax-core/internal/asr/router.go:126.2,126.71 1 1
github.com/axionaxprotocol/axionax-core/internal/asr/router.go:126.71,128.3 1 1
github.com/axionaxprotocol/axionax-core/internal/asr/router.go:130.2,130.13 1 1
github.com/axionaxprotocol/axionax-core/internal/asr/router.go:134.105,136.24 1 1
github.com/axionaxprotocol/axionax-core/internal/asr/router.go:136.24,138.40 2 1
github.com/axionaxprotocol/axionax-core/internal/asr/router.go:138.40,139.62 1 1
github.com/axionaxprotocol/axionax-core/internal/asr/router.go:139.62,141.10 2 1
github.com/axionaxprotocol/axionax-core/internal/asr/router.go:144.3,144.14 1 1
github.com/axionaxprotocol/axionax-core/internal/asr/router.go:144.14,146.4 1 1
github.com/axionaxprotocol/axionax-core/internal/asr/router.go:149.2,149.13 1 1
github.com/axionaxprotocol/axionax-core/internal/asr/router.go:153.89,171.2 6 1
github.com/axionaxprotocol/axionax-core/internal/asr/router.go:174.85,178.25 2 1
github.com/axionaxprotocol/axionax-core/internal/asr/router.go:178.25,179.41 1 1
github.com/axionaxprotocol/axionax-core/internal/asr/router.go:179.41,180.34 1 1
github.com/axionaxprotocol/axionax-core/internal/asr/router.go:180.34,182.10 2 1
github.com/axionaxprotocol/axionax-core/internal/asr/router.go:188.2,188.71 1 1
github.com/axionaxprotocol/axionax-core/internal/asr/router.go:188.71,190.3 1 1
github.com/axionaxprotocol/axionax-core/internal/asr/router.go:192.2,192.35 1 1
github.com/axionaxprotocol/axionax-core/internal/asr/router.go:196.69,197.39 1 1
github.com/axionaxprotocol/axionax-core/internal/asr/router.go:197.39,199.3 1 1
github.com/axionaxprotocol/axionax-core/internal/asr/router.go:202.2,209.20 5 1
github.com/axionaxprotocol/axionax-core/internal/asr/router.go:213.66,218.27 3 1
github.com/axionaxprotocol/axionax-core/internal/asr/router.go:218.27,220.3 1 1
github.com/axionaxprotocol/axionax-core/internal/asr/router.go:223.2,223.23 1 1
github.com/axionaxprotocol/axionax-core/internal/asr/router.go:223.23,225.3 1 1
github.com/axionaxprotocol/axionax-core/internal/asr/router.go:228.2,228.35 1 1
github.com/axionaxprotocol/axionax-core/internal/asr/router.go:228.35,232.3 1 0
github.com/axionaxprotocol/axionax-core/internal/asr/router.go:234.2,234.17 1 1
github.com/axionaxprotocol/axionax-core/internal/asr/router.go:238.39,240.2 1 1
github.com/axionaxprotocol/axionax-core/internal/asr/router.go:243.74,245.31 2 1
github.com/axionaxprotocol/axionax-core/internal/asr/router.go:245.31,246.26 1 1
github.com/axionaxprotocol/axionax-core/internal/asr/router.go:246.26,248.4 1 1
github.com/axionaxprotocol/axionax-core/internal/asr/router.go:250.2,250.18 1 1
github.com/axionaxprotocol/axionax-core/internal/asr/router.go:254.98,255.26 1 1
github.com/axionaxprotocol/axionax-core/internal/asr/router.go:255.26,257.3 1 0
github.com/axionaxprotocol/axionax-core/internal/asr/router.go:260.2,261.31 2 1
github.com/axionaxprotocol/axionax-core/internal/asr/router.go:261.31,263.3 1 1
github.com/axionaxprotocol/axionax-core/internal/asr/router.go:266.2,271.31 4 1
github.com/axionaxprotocol/axionax-core/internal/asr/router.go:271.31,273.30 2 1
github.com/axionaxprotocol/axionax-core/internal/asr/router.go:273.30,275.4 1 1
github.com/axionaxprotocol/axionax-core/internal/asr/router.go:279.2,279.22 1 0
github.com/axionaxprotocol/axionax-core/internal/asr/router.go:283.37,284.35 1 1
github.com/axionaxprotocol/axionax-core/internal/asr/router.go:284.35,286.3 1 1
github.com/axionaxprotocol/axionax-core/internal/asr/router.go:298.35,300.2 1 0
github.com/axionaxprotocol/axionax-core/internal/popc/validator.go:21.54,25.2 1 1
github.com/axionaxprotocol/axionax-core/internal/popc/validator.go:54.101,59.29 3 1
github.com/axionaxprotocol/axionax-core/internal/popc/validator.go:59.29,61.3 1 1
github.com/axionaxprotocol/axionax-core/internal/popc/validator.go:64.2,65.33 2 1
github.com/axionaxprotocol/axionax-core/internal/popc/validator.go:65.33,67.3 1 1
github.com/axionaxprotocol/axionax-core/internal/popc/validator.go:67.8,69.3 1 1
github.com/axionaxprotocol/axionax-core/internal/popc/validator.go:71.2,76.3 1 1
github.com/axionaxprotocol/axionax-core/internal/popc/validator.go:80.97,88.35 5 1
github.com/axionaxprotocol/axionax-core/internal/popc/validator.go:88.35,91.25 3 1
github.com/axionaxprotocol/axionax-core/internal/popc/validator.go:91.25,93.4 1 1
github.com/axionaxprotocol/axionax-core/internal/popc/validator.go:96.3,96.41 1 1
github.com/axionaxprotocol/axionax-core/internal/popc/validator.go:96.41,99.4 2 1
github.com/axionaxprotocol/axionax-core/internal/popc/validator.go:103.2,103.32 1 1
github.com/axionaxprotocol/axionax-core/internal/popc/validator.go:103.32,106.3 2 0
github.com/axionaxprotocol/axionax-core/internal/popc/validator.go:108.2,108.16 1 1
github.com/axionaxprotocol/axionax-core/internal/popc/validator.go:112.93,114.34 2 1
github.com/axionaxprotocol/axionax-core/internal/popc/validator.go:114.34,116.3 1 1
github.com/axionaxprotocol/axionax-core/internal/popc/validator.go:117.2,117.16 1 1
github.com/axionaxprotocol/axionax-core/internal/popc/validator.go:121.87,129.40 3 1
github.com/axionaxprotocol/axionax-core/internal/popc/validator.go:129.40,132.10 2 1
github.com/axionaxprotocol/axionax-core/internal/popc/validator.go:132.10,134.12 2 1
github.com/axionaxprotocol/axionax-core/internal/popc/validator.go:138.3,139.10 2 1
github.com/axionaxprotocol/axionax-core/internal/popc/validator.go:139.10,141.12 2 1
github.com/axionaxprotocol/axionax-core/internal/popc/validator.go:145.3,145.73 1 1
github.com/axionaxprotocol/axionax-core/internal/popc/validator.go:145.73,147.4 1 1
github.com/axionaxprotocol/axionax-core/internal/popc/validator.go:147.9,149.4 1 1
github.com/axionaxprotocol/axionax-core/internal/popc/validator.go:152.2,157.79 4 1
github.com/axionaxprotocol/axionax-core/internal/popc/validator.go:157.79,159.3 1 0
github.com/axionaxprotocol/axionax-core/internal/popc/validator.go:161.2,161.15 1 1
github.com/axionaxprotocol/axionax-core/internal/popc/validator.go:165.106,171.31 3 1
github.com/axionaxprotocol/axionax-core/internal/popc/validator.go:171.31,175.24 2 1
github.com/axionaxprotocol/axionax-core/internal/popc/validator.go:175.24,179.4 2 1
github.com/axionaxprotocol/axionax-core/internal/popc/validator.go:179.9,183.4 2 1
github.com/axionaxprotocol/axionax-core/internal/popc/validator.go:185.3,186.37 2 1
github.com/axionaxprotocol/axionax-core/internal/popc/validator.go:189.2,189.24 1 1
github.com/axionaxprotocol/axionax-core/internal/popc/validator.go:194.70,195.16 1 1
github.com/axionaxprotocol/axionax-core/internal/popc/validator.go:195.16,197.3 1 1
github.com/axionaxprotocol/axionax-core/internal/popc/validator.go:199.2,205.17 2 1
github.com/axionaxprotocol/axionax-core/internal/popc/validator.go:210.83,213.2 1 1
github.com/axionaxprotocol/axionax-core/pkg/config/config.go:118.30,194.2 1 1
github.com/axionaxprotocol/axionax-core/pkg/config/config.go:197.53,200.22 2 1
github.com/axionaxprotocol/axionax-core/pkg/config/config.go:200.22,202.3 1 1
github.com/axionaxprotocol/axionax-core/pkg/config/config.go:202.8,208.3 5 0
github.com/axionaxprotocol/axionax-core/pkg/config/config.go:210.2,213.45 3 1
github.com/axionaxprotocol/axionax-core/pkg/config/config.go:213.45,214.56 1 1
github.com/axionaxprotocol/axionax-core/pkg/config/config.go:214.56,216.4 1 1
github.com/axionaxprotocol/axionax-core/pkg/config/config.go:220.2,220.48 1 1
github.com/axionaxprotocol/axionax-core/pkg/config/config.go:220.48,222.3 1 0
github.com/axionaxprotocol/axionax-core/pkg/config/config.go:224.2,224.20 1 1
github.com/axionaxprotocol/axionax-core/internal/ppc/controller.go:24.55,30.2 1 1
github.com/axionaxprotocol/axionax-core/internal/ppc/controller.go:33.30,36.12 2 1
github.com/axionaxprotocol/axionax-core/internal/ppc/controller.go:36.12,37.7 1 1
github.com/axionaxprotocol/axionax-core/internal/ppc/controller.go:37.7,38.11 1 1
github.com/axionaxprotocol/axionax-core/internal/ppc/controller.go:39.22,40.20 1 1
github.com/axionaxprotocol/axionax-core/internal/ppc/controller.go:41.20,42.11 1 1
github.com/axionaxprotocol/axionax-core/internal/ppc/controller.go:49.29,50.21 1 1
github.com/axionaxprotocol/axionax-core/internal/ppc/controller.go:50.21,52.3 1 1
github.com/axionaxprotocol/axionax-core/internal/ppc/controller.go:53.2,53.17 1 1
github.com/axionaxprotocol/axionax-core/internal/ppc/controller.go:57.48,61.2 3 1
github.com/axionaxprotocol/axionax-core/internal/ppc/controller.go:64.68,70.2 4 1
github.com/axionaxprotocol/axionax-core/internal/ppc/controller.go:73.36,94.2 8 1
github.com/axionaxprotocol/axionax-core/internal/ppc/controller.go:97.85,103.18 3 1
github.com/axionaxprotocol/axionax-core/internal/ppc/controller.go:104.18,105.19 1 1
github.com/axionaxprotocol/axionax-core/internal/ppc/controller.go:106.17,107.19 1 1
github.com/axionaxprotocol/axionax-core/internal/ppc/controller.go:108.20,109.19 1 1
github.com/axionaxprotocol/axionax-core/internal/ppc/controller.go:110.10,111.19 1 0
github.com/axionaxprotocol/axionax-core/internal/ppc/controller.go:115.2,117.50 2 1
github.com/axionaxprotocol/axionax-core/internal/ppc/controller.go:121.53,134.2 3 1
